Determining if the pthread_create exist failed with the following output:
Change Dir: /home/mu/ros/learn_ws/build/CMakeFiles/CMakeTmp

Run Build Command:"/usr/bin/make" "cmTC_756bc/fast"
/usr/bin/make -f CMakeFiles/cmTC_756bc.dir/build.make CMakeFiles/cmTC_756bc.dir/build
make[1]: Entering directory '/home/mu/ros/learn_ws/build/CMakeFiles/CMakeTmp'
Building C object CMakeFiles/cmTC_756bc.dir/CheckSymbolExists.c.o
/usr/bin/cc     -o CMakeFiles/cmTC_756bc.dir/CheckSymbolExists.c.o   -c /home/mu/ros/learn_ws/build/CMakeFiles/CMakeTmp/CheckSymbolExists.c
Linking C executable cmTC_756bc
/usr/bin/cmake -E cmake_link_script CMakeFiles/cmTC_756bc.dir/link.txt --verbose=1
/usr/bin/cc       CMakeFiles/cmTC_756bc.dir/CheckSymbolExists.c.o  -o cmTC_756bc -rdynamic 
CMakeFiles/cmTC_756bc.dir/CheckSymbolExists.c.o：在函数‘main’中：
CheckSymbolExists.c:(.text+0x16)：对‘pthread_create’未定义的引用
collect2: error: ld returned 1 exit status
CMakeFiles/cmTC_756bc.dir/build.make:97: recipe for target 'cmTC_756bc' failed
make[1]: *** [cmTC_756bc] Error 1
make[1]: Leaving directory '/home/mu/ros/learn_ws/build/CMakeFiles/CMakeTmp'
Makefile:126: recipe for target 'cmTC_756bc/fast' failed
make: *** [cmTC_756bc/fast] Error 2

File /home/mu/ros/learn_ws/build/CMakeFiles/CMakeTmp/CheckSymbolExists.c:
/* */
#include <pthread.h>

int main(int argc, char** argv)
{
  (void)argv;
#ifndef pthread_create
  return ((int*)(&pthread_create))[argc];
#else
  (void)argc;
  return 0;
#endif
}

Determining if the function pthread_create exists in the pthreads failed with the following output:
Change Dir: /home/mu/ros/learn_ws/build/CMakeFiles/CMakeTmp

Run Build Command:"/usr/bin/make" "cmTC_f7903/fast"
/usr/bin/make -f CMakeFiles/cmTC_f7903.dir/build.make CMakeFiles/cmTC_f7903.dir/build
make[1]: Entering directory '/home/mu/ros/learn_ws/build/CMakeFiles/CMakeTmp'
Building C object CMakeFiles/cmTC_f7903.dir/CheckFunctionExists.c.o
/usr/bin/cc    -DCHECK_FUNCTION_EXISTS=pthread_create   -o CMakeFiles/cmTC_f7903.dir/CheckFunctionExists.c.o   -c /usr/share/cmake-3.5/Modules/CheckFunctionExists.c
Linking C executable cmTC_f7903
/usr/bin/cmake -E cmake_link_script CMakeFiles/cmTC_f7903.dir/link.txt --verbose=1
/usr/bin/cc   -DCHECK_FUNCTION_EXISTS=pthread_create    CMakeFiles/cmTC_f7903.dir/CheckFunctionExists.c.o  -o cmTC_f7903 -rdynamic -lpthreads 
/usr/bin/ld: 找不到 -lpthreads
collect2: error: ld returned 1 exit status
CMakeFiles/cmTC_f7903.dir/build.make:97: recipe for target 'cmTC_f7903' failed
make[1]: *** [cmTC_f7903] Error 1
make[1]: Leaving directory '/home/mu/ros/learn_ws/build/CMakeFiles/CMakeTmp'
Makefile:126: recipe for target 'cmTC_f7903/fast' failed
make: *** [cmTC_f7903/fast] Error 2


Determining if the include file pgm.h exists failed with the following output:
Change Dir: /home/mu/ros/learn_ws/build/CMakeFiles/CMakeTmp

Run Build Command:"/usr/bin/make" "cmTC_36840/fast"
/usr/bin/make -f CMakeFiles/cmTC_36840.dir/build.make CMakeFiles/cmTC_36840.dir/build
make[1]: Entering directory '/home/mu/ros/learn_ws/build/CMakeFiles/CMakeTmp'
Building CXX object CMakeFiles/cmTC_36840.dir/CheckIncludeFile.cxx.o
/usr/bin/c++      -o CMakeFiles/cmTC_36840.dir/CheckIncludeFile.cxx.o -c /home/mu/ros/learn_ws/build/CMakeFiles/CMakeTmp/CheckIncludeFile.cxx
/home/mu/ros/learn_ws/build/CMakeFiles/CMakeTmp/CheckIncludeFile.cxx:1:17: fatal error: pgm.h: 没有那个文件或目录
compilation terminated.
CMakeFiles/cmTC_36840.dir/build.make:65: recipe for target 'CMakeFiles/cmTC_36840.dir/CheckIncludeFile.cxx.o' failed
make[1]: *** [CMakeFiles/cmTC_36840.dir/CheckIncludeFile.cxx.o] Error 1
make[1]: Leaving directory '/home/mu/ros/learn_ws/build/CMakeFiles/CMakeTmp'
Makefile:126: recipe for target 'cmTC_36840/fast' failed
make: *** [cmTC_36840/fast] Error 2


